<?xml version="1.0" encoding="UTF-8"?>
<!-- Generated by org.testng.reporters.JUnitReportReporter -->
<testsuite hostname="DESKTOP-P0JC5T6" failures="0" tests="1" name="com.d_blaze.testScript.LoginTest" time="9.399" errors="0" timestamp="2022-12-12T11:08:49 IST" skipped="0">
  <testcase classname="com.d_blaze.testScript.LoginTest" name="loginTest" time="9.399"/>
  <system-out/>
</testsuite> <!-- com.d_blaze.testScript.LoginTest -->
